<?xml version="1.0" encoding="UTF-8"?>
<!-- Generated by org.testng.reporters.JUnitXMLReporter -->
<testsuite ignored="0" hostname="DESKTOP-A5OA6VH" failures="3" tests="6" name="accountRestAPITest" time="8.515" errors="0" timestamp="21 Jan 2024 13:11:51 GMT">
  <testcase classname="com.accountapi.testCases.TC003_Post_Account_Record" name="checkContentType" time="0.001"/>
  <testcase classname="com.accountapi.testCases.TC003_Post_Account_Record" name="checkResposeBody" time="0.023">
    <failure type="java.lang.AssertionError" message="expected [true] but found [false]">
      <![CDATA[java.lang.AssertionError: expected [true] but found [false]
at com.accountapi.testCases.TC003_Post_Account_Record.checkResposeBody(TC003_Post_Account_Record.java:72)
... Removed 34 stack frames]]>
    </failure>
  </testcase> <!-- checkResposeBody -->
  <testcase classname="com.accountapi.testCases.TC003_Post_Account_Record" name="checkStatusCode" time="0.001">
    <failure type="java.lang.AssertionError" message="expected [200] but found [400]">
      <![CDATA[java.lang.AssertionError: expected [200] but found [400]
at com.accountapi.testCases.TC003_Post_Account_Record.checkStatusCode(TC003_Post_Account_Record.java:81)
... Removed 34 stack frames]]>
    </failure>
  </testcase> <!-- checkStatusCode -->
  <testcase classname="com.accountapi.testCases.TC003_Post_Account_Record" name="checkcontentEncoding" time="0.0"/>
  <testcase classname="com.accountapi.testCases.TC003_Post_Account_Record" name="checkserverType" time="0.0"/>
  <testcase classname="com.accountapi.testCases.TC003_Post_Account_Record" name="checkstatusLine" time="0.0">
    <failure type="java.lang.AssertionError" message="expected [HTTP/1.1 200 OK] but found [HTTP/1.1 400 Bad Request]">
      <![CDATA[java.lang.AssertionError: expected [HTTP/1.1 200 OK] but found [HTTP/1.1 400 Bad Request]
at com.accountapi.testCases.TC003_Post_Account_Record.checkstatusLine(TC003_Post_Account_Record.java:88)
... Removed 34 stack frames]]>
    </failure>
  </testcase> <!-- checkstatusLine -->
</testsuite> <!-- accountRestAPITest -->
