<?xml version="1.0" encoding="UTF-8"?>
<!-- Generated by org.testng.reporters.JUnitXMLReporter -->
<testsuite ignored="0" hostname="DESKTOP-A5OA6VH" failures="16" tests="34" name="accountRestAPITest" time="18.48" errors="0" timestamp="21 Jan 2024 05:25:07 GMT">
  <testcase classname="com.accountapi.testCases.TC002_Get_Single_Account_Record" name="@BeforeClass getEmployeeData" time="0.063">
    <failure type="java.lang.IllegalArgumentException" message="Invalid number of path parameters. Expected 1, was 0. Undefined path parameters are: {random12.">
      <![CDATA[java.lang.IllegalArgumentException: Invalid number of path parameters. Expected 1, was 0. Undefined path parameters are: {random12.
at org.codehaus.groovy.runtime.callsite.ConstructorSite$ConstructorSiteNoUnwrap.callConstructor(ConstructorSite.java:84)
at org.codehaus.groovy.runtime.callsite.CallSiteArray.defaultCallConstructor(CallSiteArray.java:60)
at org.codehaus.groovy.runtime.callsite.AbstractCallSite.callConstructor(AbstractCallSite.java:235)
at org.codehaus.groovy.runtime.callsite.AbstractCallSite.callConstructor(AbstractCallSite.java:247)
at io.restassured.internal.RequestSpecificationImpl.assertCorrectNumberOfPathParams(RequestSpecificationImpl.groovy:1338)
at groovy.lang.MetaMethod.doMethodInvoke(MetaMethod.java:325)
at groovy.lang.MetaClassImpl.invokeMethod(MetaClassImpl.java:1213)
at groovy.lang.MetaClassImpl.invokeMethod(MetaClassImpl.java:1022)
at groovy.lang.MetaClassImpl.invokeMethod(MetaClassImpl.java:810)
at io.restassured.internal.RequestSpecificationImpl.invokeMethod(RequestSpecificationImpl.groovy)
at org.codehaus.groovy.runtime.callsite.PogoInterceptableSite.call(PogoInterceptableSite.java:48)
at org.codehaus.groovy.runtime.callsite.PogoInterceptableSite.callCurrent(PogoInterceptableSite.java:58)
at org.codehaus.groovy.runtime.callsite.AbstractCallSite.callCurrent(AbstractCallSite.java:158)
at io.restassured.internal.RequestSpecificationImpl.sendRequest(RequestSpecificationImpl.groovy:1225)
at groovy.lang.MetaMethod.doMethodInvoke(MetaMethod.java:325)
at groovy.lang.MetaClassImpl.invokeMethod(MetaClassImpl.java:1213)
at groovy.lang.MetaClassImpl.invokeMethod(MetaClassImpl.java:1022)
at groovy.lang.MetaClassImpl.invokeMethod(MetaClassImpl.java:810)
at io.restassured.internal.RequestSpecificationImpl.invokeMethod(RequestSpecificationImpl.groovy)
at org.codehaus.groovy.runtime.callsite.PogoInterceptableSite.call(PogoInterceptableSite.java:48)
at org.codehaus.groovy.runtime.callsite.AbstractCallSite.call(AbstractCallSite.java:149)
at io.restassured.internal.filter.SendRequestFilter.filter(SendRequestFilter.groovy:30)
at io.restassured.filter.Filter$filter$0.call(Unknown Source)
at org.codehaus.groovy.runtime.callsite.CallSiteArray.defaultCall(CallSiteArray.java:48)
at io.restassured.filter.Filter$filter.call(Unknown Source)
at io.restassured.internal.filter.FilterContextImpl.next(FilterContextImpl.groovy:72)
at io.restassured.filter.time.TimingFilter.filter(TimingFilter.java:56)
at io.restassured.filter.Filter$filter.call(Unknown Source)
at org.codehaus.groovy.runtime.callsite.CallSiteArray.defaultCall(CallSiteArray.java:48)
at io.restassured.filter.Filter$filter$0.call(Unknown Source)
at io.restassured.internal.filter.FilterContextImpl.next(FilterContextImpl.groovy:72)
at io.restassured.filter.FilterContext$next.call(Unknown Source)
at io.restassured.internal.RequestSpecificationImpl.applyPathParamsAndSendRequest(RequestSpecificationImpl.groovy:1732)
at groovy.lang.MetaMethod.doMethodInvoke(MetaMethod.java:325)
at groovy.lang.MetaClassImpl.invokeMethod(MetaClassImpl.java:1213)
at groovy.lang.MetaClassImpl.invokeMethod(MetaClassImpl.java:1022)
at groovy.lang.MetaClassImpl.invokeMethod(MetaClassImpl.java:810)
at io.restassured.internal.RequestSpecificationImpl.invokeMethod(RequestSpecificationImpl.groovy)
at org.codehaus.groovy.runtime.callsite.PogoInterceptableSite.call(PogoInterceptableSite.java:48)
at org.codehaus.groovy.runtime.callsite.PogoInterceptableSite.callCurrent(PogoInterceptableSite.java:58)
at org.codehaus.groovy.runtime.callsite.AbstractCallSite.callCurrent(AbstractCallSite.java:182)
at io.restassured.internal.RequestSpecificationImpl.request(RequestSpecificationImpl.groovy:294)
at io.restassured.internal.RequestSpecificationImpl.request(RequestSpecificationImpl.groovy)
at groovy.lang.MetaMethod.doMethodInvoke(MetaMethod.java:325)
at groovy.lang.MetaClassImpl.invokeMethod(MetaClassImpl.java:1213)
at groovy.lang.MetaClassImpl.invokeMethod(MetaClassImpl.java:1022)
at groovy.lang.MetaClassImpl.invokeMethod(MetaClassImpl.java:810)
at io.restassured.internal.RequestSpecificationImpl.invokeMethod(RequestSpecificationImpl.groovy)
at org.codehaus.groovy.runtime.callsite.PogoInterceptableSite.call(PogoInterceptableSite.java:48)
at org.codehaus.groovy.runtime.callsite.PogoInterceptableSite.callCurrent(PogoInterceptableSite.java:58)
at org.codehaus.groovy.runtime.callsite.AbstractCallSite.callCurrent(AbstractCallSite.java:182)
at io.restassured.internal.RequestSpecificationImpl.request(RequestSpecificationImpl.groovy:290)
at io.restassured.internal.RequestSpecificationImpl.request(RequestSpecificationImpl.groovy)
at com.accountapi.testCases.TC002_Get_Single_Account_Record.getEmployeeData(TC002_Get_Single_Account_Record.java:26)
... Removed 53 stack frames]]>
    </failure>
  </testcase> <!-- @BeforeClass getEmployeeData -->
  <testcase classname="com.accountapi.testCases.TC002_Get_Single_Account_Record" name="@AfterClass tearDown" time="0.0">
    <skipped/>
  </testcase> <!-- @AfterClass tearDown -->
  <testcase classname="com.accountapi.testCases.TC005_Delete_Account_Record" name="@BeforeClass deleteEmployee" time="2.178">
    <failure type="java.lang.IllegalArgumentException" message="Invalid number of path parameters. Expected 1, was 0. Undefined path parameters are: {random12.">
      <![CDATA[java.lang.IllegalArgumentException: Invalid number of path parameters. Expected 1, was 0. Undefined path parameters are: {random12.
at org.codehaus.groovy.runtime.callsite.ConstructorSite$ConstructorSiteNoUnwrap.callConstructor(ConstructorSite.java:84)
at org.codehaus.groovy.runtime.callsite.AbstractCallSite.callConstructor(AbstractCallSite.java:247)
at io.restassured.internal.RequestSpecificationImpl.assertCorrectNumberOfPathParams(RequestSpecificationImpl.groovy:1338)
at groovy.lang.MetaMethod.doMethodInvoke(MetaMethod.java:325)
at groovy.lang.MetaClassImpl.invokeMethod(MetaClassImpl.java:1213)
at groovy.lang.MetaClassImpl.invokeMethod(MetaClassImpl.java:1022)
at groovy.lang.MetaClassImpl.invokeMethod(MetaClassImpl.java:810)
at io.restassured.internal.RequestSpecificationImpl.invokeMethod(RequestSpecificationImpl.groovy)
at org.codehaus.groovy.runtime.callsite.PogoInterceptableSite.call(PogoInterceptableSite.java:48)
at org.codehaus.groovy.runtime.callsite.PogoInterceptableSite.callCurrent(PogoInterceptableSite.java:58)
at org.codehaus.groovy.runtime.callsite.AbstractCallSite.callCurrent(AbstractCallSite.java:158)
at io.restassured.internal.RequestSpecificationImpl.sendRequest(RequestSpecificationImpl.groovy:1225)
at groovy.lang.MetaMethod.doMethodInvoke(MetaMethod.java:325)
at groovy.lang.MetaClassImpl.invokeMethod(MetaClassImpl.java:1213)
at groovy.lang.MetaClassImpl.invokeMethod(MetaClassImpl.java:1022)
at groovy.lang.MetaClassImpl.invokeMethod(MetaClassImpl.java:810)
at io.restassured.internal.RequestSpecificationImpl.invokeMethod(RequestSpecificationImpl.groovy)
at org.codehaus.groovy.runtime.callsite.PogoInterceptableSite.call(PogoInterceptableSite.java:48)
at org.codehaus.groovy.runtime.callsite.AbstractCallSite.call(AbstractCallSite.java:149)
at io.restassured.internal.filter.SendRequestFilter.filter(SendRequestFilter.groovy:30)
at io.restassured.filter.Filter$filter$0.call(Unknown Source)
at org.codehaus.groovy.runtime.callsite.CallSiteArray.defaultCall(CallSiteArray.java:48)
at io.restassured.filter.Filter$filter.call(Unknown Source)
at io.restassured.internal.filter.FilterContextImpl.next(FilterContextImpl.groovy:72)
at io.restassured.filter.time.TimingFilter.filter(TimingFilter.java:56)
at io.restassured.filter.Filter$filter.call(Unknown Source)
at org.codehaus.groovy.runtime.callsite.CallSiteArray.defaultCall(CallSiteArray.java:48)
at io.restassured.filter.Filter$filter$0.call(Unknown Source)
at io.restassured.internal.filter.FilterContextImpl.next(FilterContextImpl.groovy:72)
at io.restassured.filter.FilterContext$next.call(Unknown Source)
at io.restassured.internal.RequestSpecificationImpl.applyPathParamsAndSendRequest(RequestSpecificationImpl.groovy:1732)
at groovy.lang.MetaMethod.doMethodInvoke(MetaMethod.java:325)
at groovy.lang.MetaClassImpl.invokeMethod(MetaClassImpl.java:1213)
at groovy.lang.MetaClassImpl.invokeMethod(MetaClassImpl.java:1022)
at groovy.lang.MetaClassImpl.invokeMethod(MetaClassImpl.java:810)
at io.restassured.internal.RequestSpecificationImpl.invokeMethod(RequestSpecificationImpl.groovy)
at org.codehaus.groovy.runtime.callsite.PogoInterceptableSite.call(PogoInterceptableSite.java:48)
at org.codehaus.groovy.runtime.callsite.PogoInterceptableSite.callCurrent(PogoInterceptableSite.java:58)
at org.codehaus.groovy.runtime.callsite.AbstractCallSite.callCurrent(AbstractCallSite.java:182)
at io.restassured.internal.RequestSpecificationImpl.request(RequestSpecificationImpl.groovy:294)
at io.restassured.internal.RequestSpecificationImpl.request(RequestSpecificationImpl.groovy)
at groovy.lang.MetaMethod.doMethodInvoke(MetaMethod.java:325)
at groovy.lang.MetaClassImpl.invokeMethod(MetaClassImpl.java:1213)
at groovy.lang.MetaClassImpl.invokeMethod(MetaClassImpl.java:1022)
at groovy.lang.MetaClassImpl.invokeMethod(MetaClassImpl.java:810)
at io.restassured.internal.RequestSpecificationImpl.invokeMethod(RequestSpecificationImpl.groovy)
at org.codehaus.groovy.runtime.callsite.PogoInterceptableSite.call(PogoInterceptableSite.java:48)
at org.codehaus.groovy.runtime.callsite.PogoInterceptableSite.callCurrent(PogoInterceptableSite.java:58)
at org.codehaus.groovy.runtime.callsite.AbstractCallSite.callCurrent(AbstractCallSite.java:182)
at io.restassured.internal.RequestSpecificationImpl.request(RequestSpecificationImpl.groovy:290)
at io.restassured.internal.RequestSpecificationImpl.request(RequestSpecificationImpl.groovy)
at com.accountapi.testCases.TC005_Delete_Account_Record.deleteEmployee(TC005_Delete_Account_Record.java:37)
... Removed 53 stack frames]]>
    </failure>
  </testcase> <!-- @BeforeClass deleteEmployee -->
  <testcase classname="com.accountapi.testCases.TC005_Delete_Account_Record" name="@AfterClass tearDown" time="0.0">
    <skipped/>
  </testcase> <!-- @AfterClass tearDown -->
  <testcase classname="com.accountapi.testCases.TC001_Get_All_Accounts" name="checkContentLenght" time="0.01">
    <failure type="java.lang.NumberFormatException" message="Cannot parse null string">
      <![CDATA[java.lang.NumberFormatException: Cannot parse null string
at java.base/java.lang.Integer.parseInt(Integer.java:630)
at java.base/java.lang.Integer.parseInt(Integer.java:786)
at com.accountapi.testCases.TC001_Get_All_Accounts.checkContentLenght(TC001_Get_All_Accounts.java:137)
... Removed 25 stack frames]]>
    </failure>
  </testcase> <!-- checkContentLenght -->
  <testcase classname="com.accountapi.testCases.TC001_Get_All_Accounts" name="checkContentType" time="0.01">
    <failure type="java.lang.AssertionError" message="expected [text/html; charset=UTF-8] but found [application/json]">
      <![CDATA[java.lang.AssertionError: expected [text/html; charset=UTF-8] but found [application/json]
at com.accountapi.testCases.TC001_Get_All_Accounts.checkContentType(TC001_Get_All_Accounts.java:103)
... Removed 31 stack frames]]>
    </failure>
  </testcase> <!-- checkContentType -->
  <testcase classname="com.accountapi.testCases.TC001_Get_All_Accounts" name="checkCookies" time="0.008"/>
  <testcase classname="com.accountapi.testCases.TC001_Get_All_Accounts" name="checkResponseTime" time="0.007"/>
  <testcase classname="com.accountapi.testCases.TC001_Get_All_Accounts" name="checkResposeBody" time="0.046"/>
  <testcase classname="com.accountapi.testCases.TC001_Get_All_Accounts" name="checkStatusCode" time="0.01"/>
  <testcase classname="com.accountapi.testCases.TC001_Get_All_Accounts" name="checkcontentEncoding" time="0.005">
    <failure type="java.lang.AssertionError" message="expected [gzip] but found [null]">
      <![CDATA[java.lang.AssertionError: expected [gzip] but found [null]
at com.accountapi.testCases.TC001_Get_All_Accounts.checkcontentEncoding(TC001_Get_All_Accounts.java:124)
... Removed 31 stack frames]]>
    </failure>
  </testcase> <!-- checkcontentEncoding -->
  <testcase classname="com.accountapi.testCases.TC001_Get_All_Accounts" name="checkserverType" time="0.005">
    <failure type="java.lang.AssertionError" message="expected [nginx/1.14.1] but found [istio-envoy]">
      <![CDATA[java.lang.AssertionError: expected [nginx/1.14.1] but found [istio-envoy]
at com.accountapi.testCases.TC001_Get_All_Accounts.checkserverType(TC001_Get_All_Accounts.java:113)
... Removed 31 stack frames]]>
    </failure>
  </testcase> <!-- checkserverType -->
  <testcase classname="com.accountapi.testCases.TC001_Get_All_Accounts" name="checkstatusLine" time="0.011"/>
  <testcase classname="com.accountapi.testCases.TC002_Get_Single_Account_Record" name="checkContentLenght" time="0.0">
    <skipped/>
  </testcase> <!-- checkContentLenght -->
  <testcase classname="com.accountapi.testCases.TC002_Get_Single_Account_Record" name="checkContentType" time="0.0">
    <skipped/>
  </testcase> <!-- checkContentType -->
  <testcase classname="com.accountapi.testCases.TC002_Get_Single_Account_Record" name="checkResponseTime" time="0.0">
    <skipped/>
  </testcase> <!-- checkResponseTime -->
  <testcase classname="com.accountapi.testCases.TC002_Get_Single_Account_Record" name="checkResposeBody" time="0.0">
    <skipped/>
  </testcase> <!-- checkResposeBody -->
  <testcase classname="com.accountapi.testCases.TC002_Get_Single_Account_Record" name="checkStatusCode" time="0.0">
    <skipped/>
  </testcase> <!-- checkStatusCode -->
  <testcase classname="com.accountapi.testCases.TC002_Get_Single_Account_Record" name="checkserverType" time="0.0">
    <skipped/>
  </testcase> <!-- checkserverType -->
  <testcase classname="com.accountapi.testCases.TC002_Get_Single_Account_Record" name="checkstatusLine" time="0.0">
    <skipped/>
  </testcase> <!-- checkstatusLine -->
  <testcase classname="com.accountapi.testCases.TC003_Post_Account_Record" name="checkContentType" time="0.001">
    <failure type="java.lang.AssertionError" message="expected [text/html; charset=UTF-8] but found [null]">
      <![CDATA[java.lang.AssertionError: expected [text/html; charset=UTF-8] but found [null]
at com.accountapi.testCases.TC003_Post_Account_Record.checkContentType(TC003_Post_Account_Record.java:85)
... Removed 31 stack frames]]>
    </failure>
  </testcase> <!-- checkContentType -->
  <testcase classname="com.accountapi.testCases.TC003_Post_Account_Record" name="checkResposeBody" time="0.002">
    <failure type="java.lang.AssertionError" message="expected [true] but found [false]">
      <![CDATA[java.lang.AssertionError: expected [true] but found [false]
at com.accountapi.testCases.TC003_Post_Account_Record.checkResposeBody(TC003_Post_Account_Record.java:61)
... Removed 31 stack frames]]>
    </failure>
  </testcase> <!-- checkResposeBody -->
  <testcase classname="com.accountapi.testCases.TC003_Post_Account_Record" name="checkStatusCode" time="0.0">
    <failure type="java.lang.AssertionError" message="expected [200] but found [405]">
      <![CDATA[java.lang.AssertionError: expected [200] but found [405]
at com.accountapi.testCases.TC003_Post_Account_Record.checkStatusCode(TC003_Post_Account_Record.java:70)
... Removed 31 stack frames]]>
    </failure>
  </testcase> <!-- checkStatusCode -->
  <testcase classname="com.accountapi.testCases.TC003_Post_Account_Record" name="checkcontentEncoding" time="0.002">
    <failure type="java.lang.AssertionError" message="expected [gzip] but found [null]">
      <![CDATA[java.lang.AssertionError: expected [gzip] but found [null]
at com.accountapi.testCases.TC003_Post_Account_Record.checkcontentEncoding(TC003_Post_Account_Record.java:99)
... Removed 31 stack frames]]>
    </failure>
  </testcase> <!-- checkcontentEncoding -->
  <testcase classname="com.accountapi.testCases.TC003_Post_Account_Record" name="checkserverType" time="0.004">
    <failure type="java.lang.AssertionError" message="expected [nginx/1.14.1] but found [istio-envoy]">
      <![CDATA[java.lang.AssertionError: expected [nginx/1.14.1] but found [istio-envoy]
at com.accountapi.testCases.TC003_Post_Account_Record.checkserverType(TC003_Post_Account_Record.java:92)
... Removed 31 stack frames]]>
    </failure>
  </testcase> <!-- checkserverType -->
  <testcase classname="com.accountapi.testCases.TC003_Post_Account_Record" name="checkstatusLine" time="0.001">
    <failure type="java.lang.AssertionError" message="expected [HTTP/1.1 200 OK] but found [HTTP/1.1 405 Method Not Allowed]">
      <![CDATA[java.lang.AssertionError: expected [HTTP/1.1 200 OK] but found [HTTP/1.1 405 Method Not Allowed]
at com.accountapi.testCases.TC003_Post_Account_Record.checkstatusLine(TC003_Post_Account_Record.java:77)
... Removed 31 stack frames]]>
    </failure>
  </testcase> <!-- checkstatusLine -->
  <testcase classname="com.accountapi.testCases.TC004_Put_Account_Record" name="checkContentType" time="0.001">
    <failure type="java.lang.AssertionError" message="expected [text/html; charset=UTF-8] but found [null]">
      <![CDATA[java.lang.AssertionError: expected [text/html; charset=UTF-8] but found [null]
at com.accountapi.testCases.TC004_Put_Account_Record.checkContentType(TC004_Put_Account_Record.java:81)
... Removed 31 stack frames]]>
    </failure>
  </testcase> <!-- checkContentType -->
  <testcase classname="com.accountapi.testCases.TC004_Put_Account_Record" name="checkResposeBody" time="0.001">
    <failure type="java.lang.AssertionError" message="expected [true] but found [false]">
      <![CDATA[java.lang.AssertionError: expected [true] but found [false]
at com.accountapi.testCases.TC004_Put_Account_Record.checkResposeBody(TC004_Put_Account_Record.java:58)
... Removed 31 stack frames]]>
    </failure>
  </testcase> <!-- checkResposeBody -->
  <testcase classname="com.accountapi.testCases.TC004_Put_Account_Record" name="checkStatusCode" time="0.001">
    <failure type="java.lang.AssertionError" message="expected [200] but found [404]">
      <![CDATA[java.lang.AssertionError: expected [200] but found [404]
at com.accountapi.testCases.TC004_Put_Account_Record.checkStatusCode(TC004_Put_Account_Record.java:66)
... Removed 31 stack frames]]>
    </failure>
  </testcase> <!-- checkStatusCode -->
  <testcase classname="com.accountapi.testCases.TC004_Put_Account_Record" name="checkcontentEncoding" time="0.002">
    <failure type="java.lang.AssertionError" message="expected [gzip] but found [null]">
      <![CDATA[java.lang.AssertionError: expected [gzip] but found [null]
at com.accountapi.testCases.TC004_Put_Account_Record.checkcontentEncoding(TC004_Put_Account_Record.java:95)
... Removed 31 stack frames]]>
    </failure>
  </testcase> <!-- checkcontentEncoding -->
  <testcase classname="com.accountapi.testCases.TC004_Put_Account_Record" name="checkserverType" time="0.001">
    <failure type="java.lang.AssertionError" message="expected [nginx/1.14.1] but found [istio-envoy]">
      <![CDATA[java.lang.AssertionError: expected [nginx/1.14.1] but found [istio-envoy]
at com.accountapi.testCases.TC004_Put_Account_Record.checkserverType(TC004_Put_Account_Record.java:88)
... Removed 31 stack frames]]>
    </failure>
  </testcase> <!-- checkserverType -->
  <testcase classname="com.accountapi.testCases.TC004_Put_Account_Record" name="checkstatusLine" time="0.002">
    <failure type="java.lang.AssertionError" message="expected [HTTP/1.1 200 OK] but found [HTTP/1.1 404 Not Found]">
      <![CDATA[java.lang.AssertionError: expected [HTTP/1.1 200 OK] but found [HTTP/1.1 404 Not Found]
at com.accountapi.testCases.TC004_Put_Account_Record.checkstatusLine(TC004_Put_Account_Record.java:73)
... Removed 31 stack frames]]>
    </failure>
  </testcase> <!-- checkstatusLine -->
  <testcase classname="com.accountapi.testCases.TC005_Delete_Account_Record" name="checkContentType" time="0.0">
    <skipped/>
  </testcase> <!-- checkContentType -->
  <testcase classname="com.accountapi.testCases.TC005_Delete_Account_Record" name="checkResposeBody" time="0.0">
    <skipped/>
  </testcase> <!-- checkResposeBody -->
  <testcase classname="com.accountapi.testCases.TC005_Delete_Account_Record" name="checkStatusCode" time="0.0">
    <skipped/>
  </testcase> <!-- checkStatusCode -->
  <testcase classname="com.accountapi.testCases.TC005_Delete_Account_Record" name="checkcontentEncoding" time="0.0">
    <skipped/>
  </testcase> <!-- checkcontentEncoding -->
  <testcase classname="com.accountapi.testCases.TC005_Delete_Account_Record" name="checkserverType" time="0.0">
    <skipped/>
  </testcase> <!-- checkserverType -->
  <testcase classname="com.accountapi.testCases.TC005_Delete_Account_Record" name="checkstatusLine" time="0.0">
    <skipped/>
  </testcase> <!-- checkstatusLine -->
</testsuite> <!-- accountRestAPITest -->
