<?xml version="1.0" encoding="UTF-8"?>
<testsuite name="TestSuite" time="0.052" tests="6" errors="0" skipped="0" failures="3">
  <properties>
[...]
</properties>
  <testcase name="checkContentType" classname="com.accountapi.testCases.TC003_Post_Account_Record" time="0.032"/>
  <testcase name="checkResposeBody" classname="com.accountapi.testCases.TC003_Post_Account_Record" time="0.02">
    <failure message="expected [true] but found [false]" type="java.lang.AssertionError">java.lang.AssertionError: expected [true] but found [false]
	at org.testng.Assert.fail(Assert.java:96)
	at org.testng.Assert.failNotEquals(Assert.java:776)
	at org.testng.Assert.assertEqualsImpl(Assert.java:137)
	at org.testng.Assert.assertEquals(Assert.java:118)
	at org.testng.Assert.assertEquals(Assert.java:568)
	at org.testng.Assert.assertEquals(Assert.java:578)
	at com.accountapi.testCases.TC003_Post_Account_Record.checkResposeBody(TC003_Post_Account_Record.java:72)
</failure>
    <system-out><![CDATA[{"timestamp":1705842705964,"origin":"market-place","errorCode":5001,"errorMessage":"Validation error","subErrors":[{"message":"Field Errors : accountHolderName, accountNum","timestamp":1705842705},{"message":"Global errors : ","timestamp":1705842705}],"status":"BAD_REQUEST"}
]]></system-out>
  </testcase>
  <testcase name="checkStatusCode" classname="com.accountapi.testCases.TC003_Post_Account_Record" time="0">
    <failure message="expected [200] but found [400]" type="java.lang.AssertionError">java.lang.AssertionError: expected [200] but found [400]
	at org.testng.Assert.fail(Assert.java:96)
	at org.testng.Assert.failNotEquals(Assert.java:776)
	at org.testng.Assert.assertEqualsImpl(Assert.java:137)
	at org.testng.Assert.assertEquals(Assert.java:118)
	at org.testng.Assert.assertEquals(Assert.java:652)
	at org.testng.Assert.assertEquals(Assert.java:662)
	at com.accountapi.testCases.TC003_Post_Account_Record.checkStatusCode(TC003_Post_Account_Record.java:81)
</failure>
  </testcase>
  <testcase name="checkcontentEncoding" classname="com.accountapi.testCases.TC003_Post_Account_Record" time="0"/>
  <testcase name="checkserverType" classname="com.accountapi.testCases.TC003_Post_Account_Record" time="0"/>
  <testcase name="checkstatusLine" classname="com.accountapi.testCases.TC003_Post_Account_Record" time="0">
    <failure message="expected [HTTP/1.1 200 OK] but found [HTTP/1.1 400 Bad Request]" type="java.lang.AssertionError">java.lang.AssertionError: expected [HTTP/1.1 200 OK] but found [HTTP/1.1 400 Bad Request]
	at org.testng.Assert.fail(Assert.java:96)
	at org.testng.Assert.failNotEquals(Assert.java:776)
	at org.testng.Assert.assertEqualsImpl(Assert.java:137)
	at org.testng.Assert.assertEquals(Assert.java:118)
	at org.testng.Assert.assertEquals(Assert.java:453)
	at org.testng.Assert.assertEquals(Assert.java:463)
	at com.accountapi.testCases.TC003_Post_Account_Record.checkstatusLine(TC003_Post_Account_Record.java:88)
</failure>
  </testcase>
</testsuite>